{"C:\\Users\\Mina Wael\\Desktop\\CEO\\apps\\api\\src\\errorHandler.ts": {"path":"C:\\Users\\Mina Wael\\Desktop\\CEO\\apps\\api\\src\\errorHandler.ts","statementMap":{"0":{"start":{"line":10,"column":4},"end":{"line":10,"column":null}},"1":{"start":{"line":11,"column":4},"end":{"line":11,"column":null}},"2":{"start":{"line":12,"column":4},"end":{"line":12,"column":null}},"3":{"start":{"line":13,"column":4},"end":{"line":13,"column":null}},"4":{"start":{"line":17,"column":13},"end":{"line":78,"column":null}},"5":{"start":{"line":18,"column":19},"end":{"line":18,"column":null}},"6":{"start":{"line":19,"column":13},"end":{"line":19,"column":null}},"7":{"start":{"line":20,"column":16},"end":{"line":20,"column":null}},"8":{"start":{"line":21,"column":21},"end":{"line":21,"column":null}},"9":{"start":{"line":23,"column":2},"end":{"line":56,"column":null}},"10":{"start":{"line":24,"column":4},"end":{"line":24,"column":null}},"11":{"start":{"line":25,"column":4},"end":{"line":25,"column":null}},"12":{"start":{"line":26,"column":4},"end":{"line":26,"column":null}},"13":{"start":{"line":27,"column":9},"end":{"line":56,"column":null}},"14":{"start":{"line":28,"column":4},"end":{"line":28,"column":null}},"15":{"start":{"line":29,"column":4},"end":{"line":29,"column":null}},"16":{"start":{"line":30,"column":4},"end":{"line":30,"column":null}},"17":{"start":{"line":31,"column":4},"end":{"line":31,"column":null}},"18":{"start":{"line":31,"column":35},"end":{"line":31,"column":82}},"19":{"start":{"line":32,"column":9},"end":{"line":56,"column":null}},"20":{"start":{"line":33,"column":4},"end":{"line":33,"column":null}},"21":{"start":{"line":34,"column":4},"end":{"line":34,"column":null}},"22":{"start":{"line":35,"column":4},"end":{"line":35,"column":null}},"23":{"start":{"line":36,"column":4},"end":{"line":40,"column":null}},"24":{"start":{"line":37,"column":6},"end":{"line":37,"column":null}},"25":{"start":{"line":38,"column":6},"end":{"line":38,"column":null}},"26":{"start":{"line":39,"column":6},"end":{"line":39,"column":null}},"27":{"start":{"line":41,"column":9},"end":{"line":56,"column":null}},"28":{"start":{"line":42,"column":4},"end":{"line":42,"column":null}},"29":{"start":{"line":43,"column":4},"end":{"line":43,"column":null}},"30":{"start":{"line":44,"column":4},"end":{"line":44,"column":null}},"31":{"start":{"line":45,"column":9},"end":{"line":56,"column":null}},"32":{"start":{"line":46,"column":4},"end":{"line":46,"column":null}},"33":{"start":{"line":47,"column":4},"end":{"line":47,"column":null}},"34":{"start":{"line":48,"column":4},"end":{"line":48,"column":null}},"35":{"start":{"line":49,"column":9},"end":{"line":56,"column":null}},"36":{"start":{"line":53,"column":4},"end":{"line":53,"column":null}},"37":{"start":{"line":55,"column":4},"end":{"line":55,"column":null}},"38":{"start":{"line":59,"column":2},"end":{"line":68,"column":null}},"39":{"start":{"line":60,"column":4},"end":{"line":66,"column":null}},"40":{"start":{"line":67,"column":4},"end":{"line":67,"column":null}},"41":{"start":{"line":70,"column":2},"end":{"line":77,"column":null}}},"fnMap":{"0":{"name":"constructor","decl":{"start":{"line":9,"column":2},"end":{"line":9,"column":14}},"loc":{"start":{"line":9,"column":83},"end":{"line":14,"column":null}},"line":9},"1":{"name":"(anonymous_1)","decl":{"start":{"line":17,"column":13},"end":{"line":17,"column":29}},"loc":{"start":{"line":17,"column":97},"end":{"line":78,"column":null}},"line":17},"2":{"name":"(anonymous_2)","decl":{"start":{"line":31,"column":25},"end":{"line":31,"column":29}},"loc":{"start":{"line":31,"column":35},"end":{"line":31,"column":82}},"line":31}},"branchMap":{"0":{"loc":{"start":{"line":9,"column":51},"end":{"line":9,"column":83}},"type":"default-arg","locations":[{"start":{"line":9,"column":66},"end":{"line":9,"column":83}}],"line":9},"1":{"loc":{"start":{"line":23,"column":2},"end":{"line":56,"column":null}},"type":"if","locations":[{"start":{"line":23,"column":2},"end":{"line":56,"column":null}},{"start":{"line":27,"column":9},"end":{"line":56,"column":null}}],"line":23},"2":{"loc":{"start":{"line":27,"column":9},"end":{"line":56,"column":null}},"type":"if","locations":[{"start":{"line":27,"column":9},"end":{"line":56,"column":null}},{"start":{"line":32,"column":9},"end":{"line":56,"column":null}}],"line":27},"3":{"loc":{"start":{"line":32,"column":9},"end":{"line":56,"column":null}},"type":"if","locations":[{"start":{"line":32,"column":9},"end":{"line":56,"column":null}},{"start":{"line":41,"column":9},"end":{"line":56,"column":null}}],"line":32},"4":{"loc":{"start":{"line":32,"column":13},"end":{"line":32,"column":108}},"type":"binary-expr","locations":[{"start":{"line":32,"column":13},"end":{"line":32,"column":48}},{"start":{"line":32,"column":48},"end":{"line":32,"column":82}},{"start":{"line":32,"column":82},"end":{"line":32,"column":108}}],"line":32},"5":{"loc":{"start":{"line":36,"column":4},"end":{"line":40,"column":null}},"type":"if","locations":[{"start":{"line":36,"column":4},"end":{"line":40,"column":null}},{"start":{},"end":{}}],"line":36},"6":{"loc":{"start":{"line":41,"column":9},"end":{"line":56,"column":null}},"type":"if","locations":[{"start":{"line":41,"column":9},"end":{"line":56,"column":null}},{"start":{"line":45,"column":9},"end":{"line":56,"column":null}}],"line":41},"7":{"loc":{"start":{"line":41,"column":13},"end":{"line":41,"column":83}},"type":"binary-expr","locations":[{"start":{"line":41,"column":13},"end":{"line":41,"column":49}},{"start":{"line":41,"column":49},"end":{"line":41,"column":83}}],"line":41},"8":{"loc":{"start":{"line":45,"column":9},"end":{"line":56,"column":null}},"type":"if","locations":[{"start":{"line":45,"column":9},"end":{"line":56,"column":null}},{"start":{"line":49,"column":9},"end":{"line":56,"column":null}}],"line":45},"9":{"loc":{"start":{"line":45,"column":13},"end":{"line":45,"column":77}},"type":"binary-expr","locations":[{"start":{"line":45,"column":13},"end":{"line":45,"column":28}},{"start":{"line":45,"column":28},"end":{"line":45,"column":77}}],"line":45},"10":{"loc":{"start":{"line":49,"column":9},"end":{"line":56,"column":null}},"type":"if","locations":[{"start":{"line":49,"column":9},"end":{"line":56,"column":null}},{"start":{"line":54,"column":9},"end":{"line":56,"column":null}}],"line":49},"11":{"loc":{"start":{"line":59,"column":2},"end":{"line":68,"column":null}},"type":"if","locations":[{"start":{"line":59,"column":2},"end":{"line":68,"column":null}},{"start":{},"end":{}}],"line":59},"12":{"loc":{"start":{"line":59,"column":8},"end":{"line":59,"column":58}},"type":"binary-expr","locations":[{"start":{"line":59,"column":8},"end":{"line":59,"column":35}},{"start":{"line":59,"column":35},"end":{"line":59,"column":58}}],"line":59},"13":{"loc":{"start":{"line":63,"column":27},"end":{"line":63,"column":null}},"type":"cond-expr","locations":[{"start":{"line":63,"column":55},"end":{"line":63,"column":64}},{"start":{"line":63,"column":64},"end":{"line":63,"column":null}}],"line":63},"14":{"loc":{"start":{"line":64,"column":21},"end":{"line":64,"column":null}},"type":"cond-expr","locations":[{"start":{"line":64,"column":52},"end":{"line":64,"column":66}},{"start":{"line":64,"column":66},"end":{"line":64,"column":null}}],"line":64},"15":{"loc":{"start":{"line":67,"column":38},"end":{"line":67,"column":58}},"type":"binary-expr","locations":[{"start":{"line":67,"column":38},"end":{"line":67,"column":53}},{"start":{"line":67,"column":53},"end":{"line":67,"column":58}}],"line":67},"16":{"loc":{"start":{"line":75,"column":10},"end":{"line":75,"column":null}},"type":"binary-expr","locations":[{"start":{"line":75,"column":10},"end":{"line":75,"column":21}},{"start":{"line":75,"column":21},"end":{"line":75,"column":null}}],"line":75}},"s":{"0":4,"1":4,"2":4,"3":4,"4":2,"5":7,"6":7,"7":7,"8":7,"9":7,"10":3,"11":3,"12":3,"13":4,"14":2,"15":2,"16":2,"17":2,"18":1,"19":2,"20":1,"21":1,"22":1,"23":1,"24":1,"25":1,"26":1,"27":1,"28":0,"29":0,"30":0,"31":1,"32":1,"33":1,"34":1,"35":0,"36":0,"37":0,"38":6,"39":3,"40":3,"41":6},"f":{"0":4,"1":7,"2":1},"b":{"0":[4],"1":[3,4],"2":[2,2],"3":[1,1],"4":[2,1,1],"5":[1,0],"6":[0,1],"7":[1,1],"8":[1,0],"9":[1,1],"10":[0,0],"11":[3,3],"12":[6,3],"13":[0,3],"14":[1,2],"15":[3,0],"16":[6,1]},"meta":{"lastBranch":17,"lastFunction":3,"lastStatement":42,"seen":{"f:9:2:9:14":0,"b:9:66:9:83":0,"s:10:4:10:Infinity":0,"s:11:4:11:Infinity":1,"s:12:4:12:Infinity":2,"s:13:4:13:Infinity":3,"s:17:13:78:Infinity":4,"f:17:13:17:29":1,"s:18:19:18:Infinity":5,"s:19:13:19:Infinity":6,"s:20:16:20:Infinity":7,"s:21:21:21:Infinity":8,"b:23:2:56:Infinity:27:9:56:Infinity":1,"s:23:2:56:Infinity":9,"s:24:4:24:Infinity":10,"s:25:4:25:Infinity":11,"s:26:4:26:Infinity":12,"b:27:9:56:Infinity:32:9:56:Infinity":2,"s:27:9:56:Infinity":13,"s:28:4:28:Infinity":14,"s:29:4:29:Infinity":15,"s:30:4:30:Infinity":16,"s:31:4:31:Infinity":17,"f:31:25:31:29":2,"s:31:35:31:82":18,"b:32:9:56:Infinity:41:9:56:Infinity":3,"s:32:9:56:Infinity":19,"b:32:13:32:48:32:48:32:82:32:82:32:108":4,"s:33:4:33:Infinity":20,"s:34:4:34:Infinity":21,"s:35:4:35:Infinity":22,"b:36:4:40:Infinity:undefined:undefined:undefined:undefined":5,"s:36:4:40:Infinity":23,"s:37:6:37:Infinity":24,"s:38:6:38:Infinity":25,"s:39:6:39:Infinity":26,"b:41:9:56:Infinity:45:9:56:Infinity":6,"s:41:9:56:Infinity":27,"b:41:13:41:49:41:49:41:83":7,"s:42:4:42:Infinity":28,"s:43:4:43:Infinity":29,"s:44:4:44:Infinity":30,"b:45:9:56:Infinity:49:9:56:Infinity":8,"s:45:9:56:Infinity":31,"b:45:13:45:28:45:28:45:77":9,"s:46:4:46:Infinity":32,"s:47:4:47:Infinity":33,"s:48:4:48:Infinity":34,"b:49:9:56:Infinity:54:9:56:Infinity":10,"s:49:9:56:Infinity":35,"s:53:4:53:Infinity":36,"s:55:4:55:Infinity":37,"b:59:2:68:Infinity:undefined:undefined:undefined:undefined":11,"s:59:2:68:Infinity":38,"b:59:8:59:35:59:35:59:58":12,"s:60:4:66:Infinity":39,"b:63:55:63:64:63:64:63:Infinity":13,"b:64:52:64:66:64:66:64:Infinity":14,"s:67:4:67:Infinity":40,"b:67:38:67:53:67:53:67:58":15,"s:70:2:77:Infinity":41,"b:75:10:75:21:75:21:75:Infinity":16},"fnNames":{}}}
,"C:\\Users\\Mina Wael\\Desktop\\CEO\\apps\\api\\src\\rateLimit.ts": {"path":"C:\\Users\\Mina Wael\\Desktop\\CEO\\apps\\api\\src\\rateLimit.ts","statementMap":{"0":{"start":{"line":5,"column":13},"end":{"line":13,"column":null}},"1":{"start":{"line":16,"column":13},"end":{"line":24,"column":null}},"2":{"start":{"line":27,"column":13},"end":{"line":35,"column":null}}},"fnMap":{},"branchMap":{},"s":{"0":1,"1":1,"2":1},"f":{},"b":{},"meta":{"lastBranch":0,"lastFunction":0,"lastStatement":3,"seen":{"s:5:13:13:Infinity":0,"s:16:13:24:Infinity":1,"s:27:13:35:Infinity":2},"fnNames":{}}}
,"C:\\Users\\Mina Wael\\Desktop\\CEO\\apps\\api\\src\\schemas.ts": {"path":"C:\\Users\\Mina Wael\\Desktop\\CEO\\apps\\api\\src\\schemas.ts","statementMap":{"0":{"start":{"line":4,"column":28},"end":{"line":10,"column":null}},"1":{"start":{"line":12,"column":27},"end":{"line":17,"column":null}},"2":{"start":{"line":19,"column":32},"end":{"line":23,"column":null}},"3":{"start":{"line":25,"column":32},"end":{"line":29,"column":null}},"4":{"start":{"line":32,"column":35},"end":{"line":36,"column":null}},"5":{"start":{"line":38,"column":36},"end":{"line":42,"column":null}},"6":{"start":{"line":45,"column":36},"end":{"line":60,"column":null}},"7":{"start":{"line":63,"column":41},"end":{"line":67,"column":null}},"8":{"start":{"line":69,"column":39},"end":{"line":74,"column":null}},"9":{"start":{"line":76,"column":42},"end":{"line":80,"column":null}},"10":{"start":{"line":82,"column":36},"end":{"line":92,"column":null}},"11":{"start":{"line":95,"column":28},"end":{"line":101,"column":null}},"12":{"start":{"line":104,"column":35},"end":{"line":109,"column":null}}},"fnMap":{},"branchMap":{},"s":{"0":1,"1":1,"2":1,"3":1,"4":1,"5":1,"6":1,"7":1,"8":1,"9":1,"10":1,"11":1,"12":1},"f":{},"b":{},"meta":{"lastBranch":0,"lastFunction":0,"lastStatement":13,"seen":{"s:4:28:10:Infinity":0,"s:12:27:17:Infinity":1,"s:19:32:23:Infinity":2,"s:25:32:29:Infinity":3,"s:32:35:36:Infinity":4,"s:38:36:42:Infinity":5,"s:45:36:60:Infinity":6,"s:63:41:67:Infinity":7,"s:69:39:74:Infinity":8,"s:76:42:80:Infinity":9,"s:82:36:92:Infinity":10,"s:95:28:101:Infinity":11,"s:104:35:109:Infinity":12},"fnNames":{}}}
,"C:\\Users\\Mina Wael\\Desktop\\CEO\\apps\\api\\src\\validate.ts": {"path":"C:\\Users\\Mina Wael\\Desktop\\CEO\\apps\\api\\src\\validate.ts","statementMap":{"0":{"start":{"line":4,"column":13},"end":{"line":17,"column":null}},"1":{"start":{"line":5,"column":2},"end":{"line":16,"column":null}},"2":{"start":{"line":6,"column":4},"end":{"line":15,"column":null}},"3":{"start":{"line":7,"column":6},"end":{"line":11,"column":null}},"4":{"start":{"line":12,"column":6},"end":{"line":12,"column":null}},"5":{"start":{"line":14,"column":6},"end":{"line":14,"column":null}}},"fnMap":{"0":{"name":"(anonymous_0)","decl":{"start":{"line":4,"column":13},"end":{"line":4,"column":32}},"loc":{"start":{"line":4,"column":57},"end":{"line":17,"column":null}},"line":4},"1":{"name":"(anonymous_1)","decl":{"start":{"line":5,"column":9},"end":{"line":5,"column":16}},"loc":{"start":{"line":5,"column":82},"end":{"line":16,"column":null}},"line":5}},"branchMap":{},"s":{"0":1,"1":25,"2":1,"3":1,"4":0,"5":1},"f":{"0":25,"1":1},"b":{},"meta":{"lastBranch":0,"lastFunction":2,"lastStatement":6,"seen":{"s:4:13:17:Infinity":0,"f:4:13:4:32":0,"s:5:2:16:Infinity":1,"f:5:9:5:16":1,"s:6:4:15:Infinity":2,"s:7:6:11:Infinity":3,"s:12:6:12:Infinity":4,"s:14:6:14:Infinity":5},"fnNames":{}}}
}
